# JRE version: Java(TM) SE Runtime Environment (8.0_05-b13) (build 1.8.0_05-b13)
# Java VM: Java HotSpot(TM) 64-Bit Server VM (25.5-b02 mixed mode linux-amd64 compressed oops)
Heap:
 def new generation   total 336128K, used 147789K [0x00000000a2400000, 0x00000000b90b0000, 0x00000000c1800000)
  eden space 298816K,  45% used [0x00000000a2400000, 0x00000000aa87af28, 0x00000000b47d0000)
  from space 37312K,  32% used [0x00000000b6c40000, 0x00000000b7818740, 0x00000000b90b0000)
  to   space 37312K,   0% used [0x00000000b47d0000, 0x00000000b47d0000, 0x00000000b6c40000)
 tenured generation   total 746732K, used 517171K [0x00000000c1800000, 0x00000000ef13b000, 0x0000000100000000)
   the space 746732K,  69% used [0x00000000c1800000, 0x00000000e110cc60, 0x00000000e110ce00, 0x00000000ef13b000)
 Metaspace       used 63256K, capacity 65068K, committed 65232K, reserved 1105920K
  class space    used 8261K, capacity 8646K, committed 8704K, reserved 1048576K
GC Heap History (10 events):
Event: 2617.478 GC heap before
{Heap before GC invocations=798 (full 10):
 def new generation   total 336128K, used 298816K [0x00000000a2400000, 0x00000000b90b0000, 0x00000000c1800000)
  eden space 298816K, 100% used [0x00000000a2400000, 0x00000000b47d0000, 0x00000000b47d0000)
  from space 37312K,   0% used [0x00000000b47d0000, 0x00000000b47d0000, 0x00000000b6c40000)
  to   space 37312K,   0% used [0x00000000b6c40000, 0x00000000b6c40000, 0x00000000b90b0000)
 tenured generation   total 746732K, used 448036K [0x00000000c1800000, 0x00000000ef13b000, 0x0000000100000000)
   the space 746732K,  59% used [0x00000000c1800000, 0x00000000dcd89340, 0x00000000dcd89400, 0x00000000ef13b000)
 Metaspace       used 63186K, capacity 65004K, committed 65232K, reserved 1105920K
  class space    used 8260K, capacity 8646K, committed 8704K, reserved 1048576K
Event: 2617.576 GC heap after
Heap after GC invocations=799 (full 10):
 def new generation   total 336128K, used 27684K [0x00000000a2400000, 0x00000000b90b0000, 0x00000000c1800000)
  eden space 298816K,   0% used [0x00000000a2400000, 0x00000000a2400000, 0x00000000b47d0000)
  from space 37312K,  74% used [0x00000000b6c40000, 0x00000000b87493e0, 0x00000000b90b0000)
  to   space 37312K,   0% used [0x00000000b47d0000, 0x00000000b47d0000, 0x00000000b6c40000)
 tenured generation   total 746732K, used 457999K [0x00000000c1800000, 0x00000000ef13b000, 0x0000000100000000)
   the space 746732K,  61% used [0x00000000c1800000, 0x00000000dd743cf8, 0x00000000dd743e00, 0x00000000ef13b000)
 Metaspace       used 63186K, capacity 65004K, committed 65232K, reserved 1105920K
  class space    used 8260K, capacity 8646K, committed 8704K, reserved 1048576K
}
Event: 2617.942 GC heap before
{Heap before GC invocations=799 (full 10):
 def new generation   total 336128K, used 326500K [0x00000000a2400000, 0x00000000b90b0000, 0x00000000c1800000)
  eden space 298816K, 100% used [0x00000000a2400000, 0x00000000b47d0000, 0x00000000b47d0000)
  from space 37312K,  74% used [0x00000000b6c40000, 0x00000000b87493e0, 0x00000000b90b0000)
  to   space 37312K,   0% used [0x00000000b47d0000, 0x00000000b47d0000, 0x00000000b6c40000)
 tenured generation   total 746732K, used 457999K [0x00000000c1800000, 0x00000000ef13b000, 0x0000000100000000)
   the space 746732K,  61% used [0x00000000c1800000, 0x00000000dd743cf8, 0x00000000dd743e00, 0x00000000ef13b000)
 Metaspace       used 63186K, capacity 65004K, committed 65232K, reserved 1105920K
  class space    used 8260K, capacity 8646K, committed 8704K, reserved 1048576K
Event: 2618.130 GC heap after
Heap after GC invocations=800 (full 10):
 def new generation   total 336128K, used 37312K [0x00000000a2400000, 0x00000000b90b0000, 0x00000000c1800000)
  eden space 298816K,   0% used [0x00000000a2400000, 0x00000000a2400000, 0x00000000b47d0000)
  from space 37312K, 100% used [0x00000000b47d0000, 0x00000000b6c40000, 0x00000000b6c40000)
  to   space 37312K,   0% used [0x00000000b6c40000, 0x00000000b6c40000, 0x00000000b90b0000)
 tenured generation   total 746732K, used 480192K [0x00000000c1800000, 0x00000000ef13b000, 0x0000000100000000)
   the space 746732K,  64% used [0x00000000c1800000, 0x00000000decf00c0, 0x00000000decf0200, 0x00000000ef13b000)
 Metaspace       used 63186K, capacity 65004K, committed 65232K, reserved 1105920K
  class space    used 8260K, capacity 8646K, committed 8704K, reserved 1048576K
}
Event: 2618.176 GC heap before
{Heap before GC invocations=800 (full 10):
 def new generation   total 336128K, used 336128K [0x00000000a2400000, 0x00000000b90b0000, 0x00000000c1800000)
  eden space 298816K, 100% used [0x00000000a2400000, 0x00000000b47d0000, 0x00000000b47d0000)
  from space 37312K, 100% used [0x00000000b47d0000, 0x00000000b6c40000, 0x00000000b6c40000)
  to   space 37312K,   0% used [0x00000000b6c40000, 0x00000000b6c40000, 0x00000000b90b0000)
 tenured generation   total 746732K, used 480192K [0x00000000c1800000, 0x00000000ef13b000, 0x0000000100000000)
   the space 746732K,  64% used [0x00000000c1800000, 0x00000000decf00c0, 0x00000000decf0200, 0x00000000ef13b000)
 Metaspace       used 63186K, capacity 65004K, committed 65232K, reserved 1105920K
  class space    used 8260K, capacity 8646K, committed 8704K, reserved 1048576K
Event: 2618.257 GC heap after
Heap after GC invocations=801 (full 10):
 def new generation   total 336128K, used 2076K [0x00000000a2400000, 0x00000000b90b0000, 0x00000000c1800000)
  eden space 298816K,   0% used [0x00000000a2400000, 0x00000000a2400000, 0x00000000b47d0000)
  from space 37312K,   5% used [0x00000000b6c40000, 0x00000000b6e47090, 0x00000000b90b0000)
  to   space 37312K,   0% used [0x00000000b47d0000, 0x00000000b47d0000, 0x00000000b6c40000)
 tenured generation   total 746732K, used 517171K [0x00000000c1800000, 0x00000000ef13b000, 0x0000000100000000)
   the space 746732K,  69% used [0x00000000c1800000, 0x00000000e110cc60, 0x00000000e110ce00, 0x00000000ef13b000)
 Metaspace       used 63186K, capacity 65004K, committed 65232K, reserved 1105920K
  class space    used 8260K, capacity 8646K, committed 8704K, reserved 1048576K
}
Event: 2618.297 GC heap before
{Heap before GC invocations=801 (full 10):
 def new generation   total 336128K, used 300892K [0x00000000a2400000, 0x00000000b90b0000, 0x00000000c1800000)
  eden space 298816K, 100% used [0x00000000a2400000, 0x00000000b47d0000, 0x00000000b47d0000)
  from space 37312K,   5% used [0x00000000b6c40000, 0x00000000b6e47090, 0x00000000b90b0000)
  to   space 37312K,   0% used [0x00000000b47d0000, 0x00000000b47d0000, 0x00000000b6c40000)
 tenured generation   total 746732K, used 517171K [0x00000000c1800000, 0x00000000ef13b000, 0x0000000100000000)
   the space 746732K,  69% used [0x00000000c1800000, 0x00000000e110cc60, 0x00000000e110ce00, 0x00000000ef13b000)
 Metaspace       used 63186K, capacity 65004K, committed 65232K, reserved 1105920K
  class space    used 8260K, capacity 8646K, committed 8704K, reserved 1048576K
Event: 2618.300 GC heap after
Heap after GC invocations=802 (full 10):
 def new generation   total 336128K, used 5830K [0x00000000a2400000, 0x00000000b90b0000, 0x00000000c1800000)
  eden space 298816K,   0% used [0x00000000a2400000, 0x00000000a2400000, 0x00000000b47d0000)
  from space 37312K,  15% used [0x00000000b47d0000, 0x00000000b4d81920, 0x00000000b6c40000)
  to   space 37312K,   0% used [0x00000000b6c40000, 0x00000000b6c40000, 0x00000000b90b0000)
 tenured generation   total 746732K, used 517171K [0x00000000c1800000, 0x00000000ef13b000, 0x0000000100000000)
   the space 746732K,  69% used [0x00000000c1800000, 0x00000000e110cc60, 0x00000000e110ce00, 0x00000000ef13b000)
 Metaspace       used 63186K, capacity 65004K, committed 65232K, reserved 1105920K
  class space    used 8260K, capacity 8646K, committed 8704K, reserved 1048576K
}
Event: 3517.577 GC heap before
{Heap before GC invocations=802 (full 10):
 def new generation   total 336128K, used 304646K [0x00000000a2400000, 0x00000000b90b0000, 0x00000000c1800000)
  eden space 298816K, 100% used [0x00000000a2400000, 0x00000000b47d0000, 0x00000000b47d0000)
  from space 37312K,  15% used [0x00000000b47d0000, 0x00000000b4d81920, 0x00000000b6c40000)
  to   space 37312K,   0% used [0x00000000b6c40000, 0x00000000b6c40000, 0x00000000b90b0000)
 tenured generation   total 746732K, used 517171K [0x00000000c1800000, 0x00000000ef13b000, 0x0000000100000000)
   the space 746732K,  69% used [0x00000000c1800000, 0x00000000e110cc60, 0x00000000e110ce00, 0x00000000ef13b000)
 Metaspace       used 63227K, capacity 65004K, committed 65232K, reserved 1105920K
  class space    used 8261K, capacity 8646K, committed 8704K, reserved 1048576K
Event: 3523.159 GC heap after
Heap after GC invocations=803 (full 10):
 def new generation   total 336128K, used 12129K [0x00000000a2400000, 0x00000000b90b0000, 0x00000000c1800000)
  eden space 298816K,   0% used [0x00000000a2400000, 0x00000000a2400000, 0x00000000b47d0000)
  from space 37312K,  32% used [0x00000000b6c40000, 0x00000000b7818740, 0x00000000b90b0000)
  to   space 37312K,   0% used [0x00000000b47d0000, 0x00000000b47d0000, 0x00000000b6c40000)
 tenured generation   total 746732K, used 517171K [0x00000000c1800000, 0x00000000ef13b000, 0x0000000100000000)
   the space 746732K,  69% used [0x00000000c1800000, 0x00000000e110cc60, 0x00000000e110ce00, 0x00000000ef13b000)
 Metaspace       used 63227K, capacity 65004K, committed 65232K, reserved 1105920K
  class space    used 8261K, capacity 8646K, committed 8704K, reserved 1048576K
}

