# JRE version: Java(TM) SE Runtime Environment (8.0_05-b13) (build 1.8.0_05-b13)
# Java VM: Java HotSpot(TM) 64-Bit Server VM (25.5-b02 mixed mode linux-amd64 compressed oops)
Heap:
 def new generation   total 149952K, used 132609K [0x00000000a2400000, 0x00000000ac6b0000, 0x00000000c1800000)
  eden space 133312K,  99% used [0x00000000a2400000, 0x00000000aa580710, 0x00000000aa630000)
  from space 16640K,   0% used [0x00000000aa630000, 0x00000000aa630000, 0x00000000ab670000)
  to   space 16640K,   0% used [0x00000000ab670000, 0x00000000ab670000, 0x00000000ac6b0000)
 tenured generation   total 333072K, used 199841K [0x00000000c1800000, 0x00000000d5d44000, 0x0000000100000000)
   the space 333072K,  59% used [0x00000000c1800000, 0x00000000cdb28638, 0x00000000cdb28800, 0x00000000d5d44000)
 Metaspace       used 54983K, capacity 56714K, committed 56832K, reserved 1097728K
  class space    used 7287K, capacity 7676K, committed 7680K, reserved 1048576K
GC Heap History (10 events):
Event: 136.782 GC heap before
{Heap before GC invocations=453 (full 5):
 def new generation   total 95616K, used 89886K [0x00000000a2400000, 0x00000000a8bb0000, 0x00000000c1800000)
  eden space 85056K, 100% used [0x00000000a2400000, 0x00000000a7710000, 0x00000000a7710000)
  from space 10560K,  45% used [0x00000000a8160000, 0x00000000a8617968, 0x00000000a8bb0000)
  to   space 10560K,   0% used [0x00000000a7710000, 0x00000000a7710000, 0x00000000a8160000)
 tenured generation   total 212244K, used 198384K [0x00000000c1800000, 0x00000000ce745000, 0x0000000100000000)
   the space 212244K,  93% used [0x00000000c1800000, 0x00000000cd9bc380, 0x00000000cd9bc400, 0x00000000ce745000)
 Metaspace       used 53583K, capacity 55152K, committed 55168K, reserved 1097728K
  class space    used 7206K, capacity 7550K, committed 7552K, reserved 1048576K
Event: 136.797 GC heap after
Heap after GC invocations=454 (full 5):
 def new generation   total 95616K, used 7742K [0x00000000a2400000, 0x00000000a8bb0000, 0x00000000c1800000)
  eden space 85056K,   0% used [0x00000000a2400000, 0x00000000a2400000, 0x00000000a7710000)
  from space 10560K,  73% used [0x00000000a7710000, 0x00000000a7e9fb98, 0x00000000a8160000)
  to   space 10560K,   0% used [0x00000000a8160000, 0x00000000a8160000, 0x00000000a8bb0000)
 tenured generation   total 212244K, used 198384K [0x00000000c1800000, 0x00000000ce745000, 0x0000000100000000)
   the space 212244K,  93% used [0x00000000c1800000, 0x00000000cd9bc380, 0x00000000cd9bc400, 0x00000000ce745000)
 Metaspace       used 53583K, capacity 55152K, committed 55168K, reserved 1097728K
  class space    used 7206K, capacity 7550K, committed 7552K, reserved 1048576K
}
Event: 136.997 GC heap before
{Heap before GC invocations=454 (full 5):
 def new generation   total 95616K, used 92798K [0x00000000a2400000, 0x00000000a8bb0000, 0x00000000c1800000)
  eden space 85056K, 100% used [0x00000000a2400000, 0x00000000a7710000, 0x00000000a7710000)
  from space 10560K,  73% used [0x00000000a7710000, 0x00000000a7e9fb98, 0x00000000a8160000)
  to   space 10560K,   0% used [0x00000000a8160000, 0x00000000a8160000, 0x00000000a8bb0000)
 tenured generation   total 212244K, used 198384K [0x00000000c1800000, 0x00000000ce745000, 0x0000000100000000)
   the space 212244K,  93% used [0x00000000c1800000, 0x00000000cd9bc380, 0x00000000cd9bc400, 0x00000000ce745000)
 Metaspace       used 53584K, capacity 55152K, committed 55168K, reserved 1097728K
  class space    used 7206K, capacity 7550K, committed 7552K, reserved 1048576K
Event: 137.013 GC heap after
Heap after GC invocations=455 (full 5):
 def new generation   total 95616K, used 5068K [0x00000000a2400000, 0x00000000a8bb0000, 0x00000000c1800000)
  eden space 85056K,   0% used [0x00000000a2400000, 0x00000000a2400000, 0x00000000a7710000)
  from space 10560K,  48% used [0x00000000a8160000, 0x00000000a86533e8, 0x00000000a8bb0000)
  to   space 10560K,   0% used [0x00000000a7710000, 0x00000000a7710000, 0x00000000a8160000)
 tenured generation   total 212244K, used 202067K [0x00000000c1800000, 0x00000000ce745000, 0x0000000100000000)
   the space 212244K,  95% used [0x00000000c1800000, 0x00000000cdd54c88, 0x00000000cdd54e00, 0x00000000ce745000)
 Metaspace       used 53584K, capacity 55152K, committed 55168K, reserved 1097728K
  class space    used 7206K, capacity 7550K, committed 7552K, reserved 1048576K
}
Event: 137.699 GC heap before
{Heap before GC invocations=455 (full 5):
 def new generation   total 95616K, used 90124K [0x00000000a2400000, 0x00000000a8bb0000, 0x00000000c1800000)
  eden space 85056K, 100% used [0x00000000a2400000, 0x00000000a7710000, 0x00000000a7710000)
  from space 10560K,  48% used [0x00000000a8160000, 0x00000000a86533e8, 0x00000000a8bb0000)
  to   space 10560K,   0% used [0x00000000a7710000, 0x00000000a7710000, 0x00000000a8160000)
 tenured generation   total 212244K, used 202067K [0x00000000c1800000, 0x00000000ce745000, 0x0000000100000000)
   the space 212244K,  95% used [0x00000000c1800000, 0x00000000cdd54c88, 0x00000000cdd54e00, 0x00000000ce745000)
 Metaspace       used 53700K, capacity 55344K, committed 55424K, reserved 1097728K
  class space    used 7207K, capacity 7550K, committed 7552K, reserved 1048576K
Event: 137.714 GC heap after
Heap after GC invocations=456 (full 5):
 def new generation   total 95616K, used 7581K [0x00000000a2400000, 0x00000000a8bb0000, 0x00000000c1800000)
  eden space 85056K,   0% used [0x00000000a2400000, 0x00000000a2400000, 0x00000000a7710000)
  from space 10560K,  71% used [0x00000000a7710000, 0x00000000a7e77680, 0x00000000a8160000)
  to   space 10560K,   0% used [0x00000000a8160000, 0x00000000a8160000, 0x00000000a8bb0000)
 tenured generation   total 212244K, used 202067K [0x00000000c1800000, 0x00000000ce745000, 0x0000000100000000)
   the space 212244K,  95% used [0x00000000c1800000, 0x00000000cdd54c88, 0x00000000cdd54e00, 0x00000000ce745000)
 Metaspace       used 53700K, capacity 55344K, committed 55424K, reserved 1097728K
  class space    used 7207K, capacity 7550K, committed 7552K, reserved 1048576K
}
Event: 138.990 GC heap before
{Heap before GC invocations=456 (full 5):
 def new generation   total 95616K, used 92637K [0x00000000a2400000, 0x00000000a8bb0000, 0x00000000c1800000)
  eden space 85056K, 100% used [0x00000000a2400000, 0x00000000a7710000, 0x00000000a7710000)
  from space 10560K,  71% used [0x00000000a7710000, 0x00000000a7e77680, 0x00000000a8160000)
  to   space 10560K,   0% used [0x00000000a8160000, 0x00000000a8160000, 0x00000000a8bb0000)
 tenured generation   total 212244K, used 202067K [0x00000000c1800000, 0x00000000ce745000, 0x0000000100000000)
   the space 212244K,  95% used [0x00000000c1800000, 0x00000000cdd54c88, 0x00000000cdd54e00, 0x00000000ce745000)
 Metaspace       used 54005K, capacity 55638K, committed 55808K, reserved 1097728K
  class space    used 7216K, capacity 7583K, committed 7680K, reserved 1048576K
Event: 139.043 GC heap after
Heap after GC invocations=457 (full 5):
 def new generation   total 95616K, used 10559K [0x00000000a2400000, 0x00000000a8bb0000, 0x00000000c1800000)
  eden space 85056K,   0% used [0x00000000a2400000, 0x00000000a2400000, 0x00000000a7710000)
  from space 10560K,  99% used [0x00000000a8160000, 0x00000000a8bafff8, 0x00000000a8bb0000)
  to   space 10560K,   0% used [0x00000000a7710000, 0x00000000a7710000, 0x00000000a8160000)
 tenured generation   total 212244K, used 207085K [0x00000000c1800000, 0x00000000ce745000, 0x0000000100000000)
   the space 212244K,  97% used [0x00000000c1800000, 0x00000000ce23b560, 0x00000000ce23b600, 0x00000000ce745000)
 Metaspace       used 54005K, capacity 55638K, committed 55808K, reserved 1097728K
  class space    used 7216K, capacity 7583K, committed 7680K, reserved 1048576K
}
Event: 232.931 GC heap before
{Heap before GC invocations=457 (full 5):
 def new generation   total 95616K, used 95615K [0x00000000a2400000, 0x00000000a8bb0000, 0x00000000c1800000)
  eden space 85056K, 100% used [0x00000000a2400000, 0x00000000a7710000, 0x00000000a7710000)
  from space 10560K,  99% used [0x00000000a8160000, 0x00000000a8bafff8, 0x00000000a8bb0000)
  to   space 10560K,   0% used [0x00000000a7710000, 0x00000000a7710000, 0x00000000a8160000)
 tenured generation   total 212244K, used 207085K [0x00000000c1800000, 0x00000000ce745000, 0x0000000100000000)
   the space 212244K,  97% used [0x00000000c1800000, 0x00000000ce23b560, 0x00000000ce23b600, 0x00000000ce745000)
 Metaspace       used 54343K, capacity 56106K, committed 56320K, reserved 1097728K
  class space    used 7253K, capacity 7645K, committed 7680K, reserved 1048576K
Event: 233.573 GC heap after
Heap after GC invocations=458 (full 6):
 def new generation   total 149952K, used 0K [0x00000000a2400000, 0x00000000ac6b0000, 0x00000000c1800000)
  eden space 133312K,   0% used [0x00000000a2400000, 0x00000000a2400000, 0x00000000aa630000)
  from space 16640K,   0% used [0x00000000aa630000, 0x00000000aa630000, 0x00000000ab670000)
  to   space 16640K,   0% used [0x00000000ab670000, 0x00000000ab670000, 0x00000000ac6b0000)
 tenured generation   total 333072K, used 199841K [0x00000000c1800000, 0x00000000d5d44000, 0x0000000100000000)
   the space 333072K,  59% used [0x00000000c1800000, 0x00000000cdb28638, 0x00000000cdb28800, 0x00000000d5d44000)
 Metaspace       used 54341K, capacity 56100K, committed 56320K, reserved 1097728K
  class space    used 7253K, capacity 7643K, committed 7680K, reserved 1048576K
}

